[CHRONOS_DAEMON] Engine Initialized. Autonomous Swarm Pulse routing started.
[2026-04-11T23:49:25.933917Z] [AUTONOMOUS_WORK_SUCCESS] Execution recorded: CRM_LEAD_INGESTION
[2026-04-11T23:54:25.940954Z] [AUTONOMOUS_WORK_SUCCESS] Execution recorded: API_QUOTA_REVIEW
[2026-04-11T23:59:25.948558Z] [AUTONOMOUS_WORK_SUCCESS] Execution recorded: DATABASE_OPTIMIZATION
[2026-04-12T00:04:25.955299Z] [AUTONOMOUS_WORK_SUCCESS] Execution recorded: DATABASE_OPTIMIZATION
[2026-04-12T00:09:25.965349Z] [AUTONOMOUS_WORK_SUCCESS] Execution recorded: API_QUOTA_REVIEW
[2026-04-12T00:14:25.974299Z] [AUTONOMOUS_WORK_SUCCESS] Execution recorded: TELEMETRY_SYNC
[2026-04-12T00:19:25.979555Z] [AUTONOMOUS_WORK_SUCCESS] Execution recorded: API_QUOTA_REVIEW
[2026-04-12T00:24:25.988609Z] [AUTONOMOUS_WORK_SUCCESS] Execution recorded: SECURITY_AUDIT
[2026-04-12T00:29:25.997515Z] [AUTONOMOUS_WORK_SUCCESS] Execution recorded: DATABASE_OPTIMIZATION
[2026-04-12T00:34:26.007290Z] [AUTONOMOUS_WORK_SUCCESS] Execution recorded: API_QUOTA_REVIEW
[2026-04-12T00:39:26.015162Z] [AUTONOMOUS_WORK_SUCCESS] Execution recorded: API_QUOTA_REVIEW
[2026-04-12T00:44:26.022927Z] [AUTONOMOUS_WORK_SUCCESS] Execution recorded: CRM_LEAD_INGESTION
[2026-04-12T00:49:26.030297Z] [AUTONOMOUS_WORK_SUCCESS] Execution recorded: SECURITY_AUDIT
[2026-04-12T00:54:26.035016Z] [AUTONOMOUS_WORK_SUCCESS] Execution recorded: SECURITY_AUDIT
[2026-04-12T00:59:26.039522Z] [AUTONOMOUS_WORK_SUCCESS] Execution recorded: DATABASE_OPTIMIZATION
[2026-04-12T01:04:26.047130Z] [AUTONOMOUS_WORK_SUCCESS] Execution recorded: CRM_LEAD_INGESTION
[2026-04-12T01:09:26.059894Z] [AUTONOMOUS_WORK_SUCCESS] Execution recorded: SECURITY_AUDIT
[2026-04-12T01:14:26.067875Z] [AUTONOMOUS_WORK_SUCCESS] Execution recorded: DATABASE_OPTIMIZATION
[2026-04-12T01:19:26.072351Z] [AUTONOMOUS_WORK_SUCCESS] Execution recorded: SECURITY_AUDIT
[2026-04-12T01:24:26.076673Z] [AUTONOMOUS_WORK_SUCCESS] Execution recorded: API_QUOTA_REVIEW
[2026-04-12T01:29:26.085029Z] [AUTONOMOUS_WORK_SUCCESS] Execution recorded: TELEMETRY_SYNC
[2026-04-12T01:34:26.094091Z] [AUTONOMOUS_WORK_SUCCESS] Execution recorded: TELEMETRY_SYNC
[2026-04-12T01:39:26.099945Z] [AUTONOMOUS_WORK_SUCCESS] Execution recorded: TELEMETRY_SYNC
[2026-04-12T01:44:26.104899Z] [AUTONOMOUS_WORK_SUCCESS] Execution recorded: TELEMETRY_SYNC
[2026-04-12T01:49:26.110746Z] [AUTONOMOUS_WORK_SUCCESS] Execution recorded: SECURITY_AUDIT
[2026-04-12T01:54:26.117650Z] [AUTONOMOUS_WORK_SUCCESS] Execution recorded: DATABASE_OPTIMIZATION
[2026-04-12T01:59:26.123845Z] [AUTONOMOUS_WORK_SUCCESS] Execution recorded: DATABASE_OPTIMIZATION
[2026-04-12T02:04:26.131602Z] [AUTONOMOUS_WORK_SUCCESS] Execution recorded: API_QUOTA_REVIEW
[2026-04-12T02:09:26.143511Z] [AUTONOMOUS_WORK_SUCCESS] Execution recorded: TELEMETRY_SYNC
[2026-04-12T02:14:26.155719Z] [AUTONOMOUS_WORK_SUCCESS] Execution recorded: TELEMETRY_SYNC
[2026-04-12T02:19:26.165567Z] [AUTONOMOUS_WORK_SUCCESS] Execution recorded: API_QUOTA_REVIEW
[2026-04-12T02:24:26.170632Z] [AUTONOMOUS_WORK_SUCCESS] Execution recorded: CRM_LEAD_INGESTION
[2026-04-12T02:29:26.180428Z] [AUTONOMOUS_WORK_SUCCESS] Execution recorded: CRM_LEAD_INGESTION
[2026-04-12T02:34:26.191743Z] [AUTONOMOUS_WORK_SUCCESS] Execution recorded: CRM_LEAD_INGESTION
[2026-04-12T02:39:26.202278Z] [AUTONOMOUS_WORK_SUCCESS] Execution recorded: CRM_LEAD_INGESTION
[2026-04-12T02:44:26.207807Z] [AUTONOMOUS_WORK_SUCCESS] Execution recorded: TELEMETRY_SYNC
[2026-04-12T02:49:26.220747Z] [AUTONOMOUS_WORK_SUCCESS] Execution recorded: CRM_LEAD_INGESTION
[2026-04-12T02:54:26.232320Z] [AUTONOMOUS_WORK_SUCCESS] Execution recorded: TELEMETRY_SYNC
[2026-04-12T02:59:26.244292Z] [AUTONOMOUS_WORK_SUCCESS] Execution recorded: DATABASE_OPTIMIZATION
[2026-04-12T03:04:26.255072Z] [AUTONOMOUS_WORK_SUCCESS] Execution recorded: SECURITY_AUDIT
[2026-04-12T03:09:26.267827Z] [AUTONOMOUS_WORK_SUCCESS] Execution recorded: TELEMETRY_SYNC
[2026-04-12T03:14:26.272460Z] [AUTONOMOUS_WORK_SUCCESS] Execution recorded: SECURITY_AUDIT
[2026-04-12T03:19:26.285188Z] [AUTONOMOUS_WORK_SUCCESS] Execution recorded: API_QUOTA_REVIEW
[2026-04-12T03:24:26.295934Z] [AUTONOMOUS_WORK_SUCCESS] Execution recorded: TELEMETRY_SYNC
[2026-04-12T03:29:26.305633Z] [AUTONOMOUS_WORK_SUCCESS] Execution recorded: CRM_LEAD_INGESTION
[2026-04-12T03:34:26.312851Z] [AUTONOMOUS_WORK_SUCCESS] Execution recorded: API_QUOTA_REVIEW
[2026-04-12T03:39:26.318252Z] [AUTONOMOUS_WORK_SUCCESS] Execution recorded: SECURITY_AUDIT
[2026-04-12T03:44:26.327098Z] [AUTONOMOUS_WORK_SUCCESS] Execution recorded: SECURITY_AUDIT
[2026-04-12T03:49:26.334586Z] [AUTONOMOUS_WORK_SUCCESS] Execution recorded: TELEMETRY_SYNC
[2026-04-12T03:54:26.342299Z] [AUTONOMOUS_WORK_SUCCESS] Execution recorded: SECURITY_AUDIT
[2026-04-12T03:59:26.348363Z] [AUTONOMOUS_WORK_SUCCESS] Execution recorded: SECURITY_AUDIT
[2026-04-12T04:04:26.360003Z] [AUTONOMOUS_WORK_SUCCESS] Execution recorded: SECURITY_AUDIT
[2026-04-12T04:09:26.372599Z] [AUTONOMOUS_WORK_SUCCESS] Execution recorded: API_QUOTA_REVIEW
[2026-04-12T04:14:26.378021Z] [AUTONOMOUS_WORK_SUCCESS] Execution recorded: DATABASE_OPTIMIZATION
[2026-04-12T04:19:26.390657Z] [AUTONOMOUS_WORK_SUCCESS] Execution recorded: DATABASE_OPTIMIZATION
[2026-04-12T04:24:26.402273Z] [AUTONOMOUS_WORK_SUCCESS] Execution recorded: TELEMETRY_SYNC
[2026-04-12T04:29:26.414457Z] [AUTONOMOUS_WORK_SUCCESS] Execution recorded: CRM_LEAD_INGESTION
[2026-04-12T04:34:26.418474Z] [AUTONOMOUS_WORK_SUCCESS] Execution recorded: API_QUOTA_REVIEW
[2026-04-12T04:39:26.430536Z] [AUTONOMOUS_WORK_SUCCESS] Execution recorded: API_QUOTA_REVIEW
[2026-04-12T04:44:26.437500Z] [AUTONOMOUS_WORK_SUCCESS] Execution recorded: TELEMETRY_SYNC
[2026-04-12T04:49:26.448980Z] [AUTONOMOUS_WORK_SUCCESS] Execution recorded: TELEMETRY_SYNC
[2026-04-12T04:54:26.462847Z] [AUTONOMOUS_WORK_SUCCESS] Execution recorded: SECURITY_AUDIT
[2026-04-12T04:59:26.467151Z] [AUTONOMOUS_WORK_SUCCESS] Execution recorded: TELEMETRY_SYNC
[2026-04-12T05:04:26.478053Z] [AUTONOMOUS_WORK_SUCCESS] Execution recorded: TELEMETRY_SYNC
[2026-04-12T05:09:26.482638Z] [AUTONOMOUS_WORK_SUCCESS] Execution recorded: TELEMETRY_SYNC
[2026-04-12T05:14:26.494120Z] [AUTONOMOUS_WORK_SUCCESS] Execution recorded: CRM_LEAD_INGESTION
[2026-04-12T05:19:26.505266Z] [AUTONOMOUS_WORK_SUCCESS] Execution recorded: DATABASE_OPTIMIZATION
[2026-04-12T05:24:26.514455Z] [AUTONOMOUS_WORK_SUCCESS] Execution recorded: API_QUOTA_REVIEW
[2026-04-12T05:29:26.523910Z] [AUTONOMOUS_WORK_SUCCESS] Execution recorded: CRM_LEAD_INGESTION
[2026-04-12T05:34:26.535667Z] [AUTONOMOUS_WORK_SUCCESS] Execution recorded: CRM_LEAD_INGESTION
[2026-04-12T05:39:26.542489Z] [AUTONOMOUS_WORK_SUCCESS] Execution recorded: TELEMETRY_SYNC
[2026-04-12T05:44:26.552444Z] [AUTONOMOUS_WORK_SUCCESS] Execution recorded: SECURITY_AUDIT
[2026-04-12T05:49:26.563137Z] [AUTONOMOUS_WORK_SUCCESS] Execution recorded: SECURITY_AUDIT
[2026-04-12T05:54:26.573988Z] [AUTONOMOUS_WORK_SUCCESS] Execution recorded: CRM_LEAD_INGESTION
[2026-04-12T05:59:26.581067Z] [AUTONOMOUS_WORK_SUCCESS] Execution recorded: SECURITY_AUDIT
[2026-04-12T06:04:26.592944Z] [AUTONOMOUS_WORK_SUCCESS] Execution recorded: API_QUOTA_REVIEW
[2026-04-12T06:09:26.601094Z] [AUTONOMOUS_WORK_SUCCESS] Execution recorded: CRM_LEAD_INGESTION
[2026-04-12T06:14:26.605091Z] [AUTONOMOUS_WORK_SUCCESS] Execution recorded: SECURITY_AUDIT
[2026-04-12T06:19:26.612311Z] [AUTONOMOUS_WORK_SUCCESS] Execution recorded: DATABASE_OPTIMIZATION
[2026-04-12T06:24:26.623219Z] [AUTONOMOUS_WORK_SUCCESS] Execution recorded: DATABASE_OPTIMIZATION
[2026-04-12T06:29:26.633274Z] [AUTONOMOUS_WORK_SUCCESS] Execution recorded: TELEMETRY_SYNC
[2026-04-12T06:34:26.640891Z] [AUTONOMOUS_WORK_SUCCESS] Execution recorded: CRM_LEAD_INGESTION
[2026-04-12T06:39:26.650518Z] [AUTONOMOUS_WORK_SUCCESS] Execution recorded: API_QUOTA_REVIEW
[2026-04-12T06:44:26.662189Z] [AUTONOMOUS_WORK_SUCCESS] Execution recorded: SECURITY_AUDIT
[2026-04-12T06:49:26.673721Z] [AUTONOMOUS_WORK_SUCCESS] Execution recorded: CRM_LEAD_INGESTION
[2026-04-12T06:54:26.683930Z] [AUTONOMOUS_WORK_SUCCESS] Execution recorded: TELEMETRY_SYNC
[2026-04-12T06:59:26.692495Z] [AUTONOMOUS_WORK_SUCCESS] Execution recorded: CRM_LEAD_INGESTION
[2026-04-12T07:04:26.704854Z] [AUTONOMOUS_WORK_SUCCESS] Execution recorded: TELEMETRY_SYNC
[2026-04-12T07:09:26.717296Z] [AUTONOMOUS_WORK_SUCCESS] Execution recorded: TELEMETRY_SYNC
[2026-04-12T07:14:26.727188Z] [AUTONOMOUS_WORK_SUCCESS] Execution recorded: SECURITY_AUDIT
[2026-04-12T07:19:26.736228Z] [AUTONOMOUS_WORK_SUCCESS] Execution recorded: API_QUOTA_REVIEW
[2026-04-12T07:24:26.740684Z] [AUTONOMOUS_WORK_SUCCESS] Execution recorded: TELEMETRY_SYNC
[2026-04-12T07:29:26.752916Z] [AUTONOMOUS_WORK_SUCCESS] Execution recorded: API_QUOTA_REVIEW
[2026-04-12T07:34:26.762332Z] [AUTONOMOUS_WORK_SUCCESS] Execution recorded: API_QUOTA_REVIEW
[2026-04-12T07:39:26.773795Z] [AUTONOMOUS_WORK_SUCCESS] Execution recorded: TELEMETRY_SYNC
[2026-04-12T07:44:26.779285Z] [AUTONOMOUS_WORK_SUCCESS] Execution recorded: API_QUOTA_REVIEW
[2026-04-12T07:49:26.788061Z] [AUTONOMOUS_WORK_SUCCESS] Execution recorded: DATABASE_OPTIMIZATION
[2026-04-12T07:54:26.793197Z] [AUTONOMOUS_WORK_SUCCESS] Execution recorded: SECURITY_AUDIT
[2026-04-12T07:59:26.803593Z] [AUTONOMOUS_WORK_SUCCESS] Execution recorded: TELEMETRY_SYNC
[2026-04-12T08:04:26.814029Z] [AUTONOMOUS_WORK_SUCCESS] Execution recorded: CRM_LEAD_INGESTION
[2026-04-12T08:09:26.817307Z] [AUTONOMOUS_WORK_SUCCESS] Execution recorded: DATABASE_OPTIMIZATION
[2026-04-12T08:14:26.829249Z] [AUTONOMOUS_WORK_SUCCESS] Execution recorded: DATABASE_OPTIMIZATION
[2026-04-12T08:19:26.833518Z] [AUTONOMOUS_WORK_SUCCESS] Execution recorded: CRM_LEAD_INGESTION
[2026-04-12T08:24:26.843086Z] [AUTONOMOUS_WORK_SUCCESS] Execution recorded: CRM_LEAD_INGESTION
[2026-04-12T08:29:26.854510Z] [AUTONOMOUS_WORK_SUCCESS] Execution recorded: CRM_LEAD_INGESTION
[2026-04-12T08:34:26.866036Z] [AUTONOMOUS_WORK_SUCCESS] Execution recorded: TELEMETRY_SYNC
[2026-04-12T08:39:26.873126Z] [AUTONOMOUS_WORK_SUCCESS] Execution recorded: DATABASE_OPTIMIZATION
[2026-04-12T08:44:26.877559Z] [AUTONOMOUS_WORK_SUCCESS] Execution recorded: API_QUOTA_REVIEW
[2026-04-12T08:49:26.888380Z] [AUTONOMOUS_WORK_SUCCESS] Execution recorded: API_QUOTA_REVIEW
[2026-04-12T08:54:26.897645Z] [AUTONOMOUS_WORK_SUCCESS] Execution recorded: SECURITY_AUDIT
[2026-04-12T08:59:26.909819Z] [AUTONOMOUS_WORK_SUCCESS] Execution recorded: DATABASE_OPTIMIZATION
[2026-04-12T09:04:26.912827Z] [AUTONOMOUS_WORK_SUCCESS] Execution recorded: TELEMETRY_SYNC
[2026-04-12T09:09:26.923804Z] [AUTONOMOUS_WORK_SUCCESS] Execution recorded: DATABASE_OPTIMIZATION
[2026-04-12T09:14:26.935677Z] [AUTONOMOUS_WORK_SUCCESS] Execution recorded: SECURITY_AUDIT
[2026-04-12T09:19:26.944096Z] [AUTONOMOUS_WORK_SUCCESS] Execution recorded: SECURITY_AUDIT
[2026-04-12T09:24:26.957145Z] [AUTONOMOUS_WORK_SUCCESS] Execution recorded: TELEMETRY_SYNC
[2026-04-12T09:29:26.968188Z] [AUTONOMOUS_WORK_SUCCESS] Execution recorded: DATABASE_OPTIMIZATION
[2026-04-12T09:34:26.975625Z] [AUTONOMOUS_WORK_SUCCESS] Execution recorded: API_QUOTA_REVIEW
[2026-04-12T09:39:26.988159Z] [AUTONOMOUS_WORK_SUCCESS] Execution recorded: CRM_LEAD_INGESTION
[2026-04-12T09:44:26.996501Z] [AUTONOMOUS_WORK_SUCCESS] Execution recorded: SECURITY_AUDIT
[2026-04-12T09:49:27.008206Z] [AUTONOMOUS_WORK_SUCCESS] Execution recorded: CRM_LEAD_INGESTION
[2026-04-12T09:54:27.017157Z] [AUTONOMOUS_WORK_SUCCESS] Execution recorded: CRM_LEAD_INGESTION
[2026-04-12T09:59:27.023594Z] [AUTONOMOUS_WORK_SUCCESS] Execution recorded: TELEMETRY_SYNC
[2026-04-12T10:04:27.034981Z] [AUTONOMOUS_WORK_SUCCESS] Execution recorded: API_QUOTA_REVIEW
[2026-04-12T10:09:27.046866Z] [AUTONOMOUS_WORK_SUCCESS] Execution recorded: DATABASE_OPTIMIZATION
[2026-04-12T10:14:27.058457Z] [AUTONOMOUS_WORK_SUCCESS] Execution recorded: TELEMETRY_SYNC
[2026-04-12T10:19:27.063729Z] [AUTONOMOUS_WORK_SUCCESS] Execution recorded: DATABASE_OPTIMIZATION
[2026-04-12T10:24:27.069850Z] [AUTONOMOUS_WORK_SUCCESS] Execution recorded: CRM_LEAD_INGESTION
[2026-04-12T10:29:27.079253Z] [AUTONOMOUS_WORK_SUCCESS] Execution recorded: API_QUOTA_REVIEW
[2026-04-12T10:34:27.091480Z] [AUTONOMOUS_WORK_SUCCESS] Execution recorded: API_QUOTA_REVIEW
[2026-04-12T10:39:27.101380Z] [AUTONOMOUS_WORK_SUCCESS] Execution recorded: CRM_LEAD_INGESTION
[2026-04-12T10:44:27.112840Z] [AUTONOMOUS_WORK_SUCCESS] Execution recorded: API_QUOTA_REVIEW
[2026-04-12T10:49:27.120674Z] [AUTONOMOUS_WORK_SUCCESS] Execution recorded: DATABASE_OPTIMIZATION
[2026-04-12T10:54:27.130071Z] [AUTONOMOUS_WORK_SUCCESS] Execution recorded: TELEMETRY_SYNC
[2026-04-12T10:59:27.141892Z] [AUTONOMOUS_WORK_SUCCESS] Execution recorded: API_QUOTA_REVIEW
[2026-04-12T11:04:27.153676Z] [AUTONOMOUS_WORK_SUCCESS] Execution recorded: DATABASE_OPTIMIZATION
[2026-04-12T11:09:27.158931Z] [AUTONOMOUS_WORK_SUCCESS] Execution recorded: CRM_LEAD_INGESTION
[2026-04-12T11:14:27.170100Z] [AUTONOMOUS_WORK_SUCCESS] Execution recorded: API_QUOTA_REVIEW
[2026-04-12T11:19:27.177370Z] [AUTONOMOUS_WORK_SUCCESS] Execution recorded: CRM_LEAD_INGESTION
[2026-04-12T11:24:27.185214Z] [AUTONOMOUS_WORK_SUCCESS] Execution recorded: CRM_LEAD_INGESTION
[2026-04-12T11:29:27.192600Z] [AUTONOMOUS_WORK_SUCCESS] Execution recorded: TELEMETRY_SYNC
[2026-04-12T11:34:27.202636Z] [AUTONOMOUS_WORK_SUCCESS] Execution recorded: API_QUOTA_REVIEW
[2026-04-12T11:39:27.205687Z] [AUTONOMOUS_WORK_SUCCESS] Execution recorded: CRM_LEAD_INGESTION
[2026-04-12T11:44:27.215200Z] [AUTONOMOUS_WORK_SUCCESS] Execution recorded: CRM_LEAD_INGESTION
[2026-04-12T11:49:27.221642Z] [AUTONOMOUS_WORK_SUCCESS] Execution recorded: API_QUOTA_REVIEW
[2026-04-12T11:54:27.227623Z] [AUTONOMOUS_WORK_SUCCESS] Execution recorded: API_QUOTA_REVIEW
[2026-04-12T11:59:27.231072Z] [AUTONOMOUS_WORK_SUCCESS] Execution recorded: SECURITY_AUDIT
[2026-04-12T12:04:27.240847Z] [AUTONOMOUS_WORK_SUCCESS] Execution recorded: CRM_LEAD_INGESTION
[2026-04-12T12:09:27.251739Z] [AUTONOMOUS_WORK_SUCCESS] Execution recorded: CRM_LEAD_INGESTION
[2026-04-12T12:14:27.263735Z] [AUTONOMOUS_WORK_SUCCESS] Execution recorded: SECURITY_AUDIT
[2026-04-12T12:19:27.276011Z] [AUTONOMOUS_WORK_SUCCESS] Execution recorded: API_QUOTA_REVIEW
[2026-04-12T12:24:27.286019Z] [AUTONOMOUS_WORK_SUCCESS] Execution recorded: TELEMETRY_SYNC
[2026-04-12T12:29:27.296599Z] [AUTONOMOUS_WORK_SUCCESS] Execution recorded: TELEMETRY_SYNC
[2026-04-12T12:34:27.304487Z] [AUTONOMOUS_WORK_SUCCESS] Execution recorded: TELEMETRY_SYNC
[2026-04-12T12:39:27.316835Z] [AUTONOMOUS_WORK_SUCCESS] Execution recorded: CRM_LEAD_INGESTION
[2026-04-12T12:44:27.326955Z] [AUTONOMOUS_WORK_SUCCESS] Execution recorded: TELEMETRY_SYNC
[2026-04-12T12:49:27.331393Z] [AUTONOMOUS_WORK_SUCCESS] Execution recorded: SECURITY_AUDIT
[2026-04-12T12:54:27.340097Z] [AUTONOMOUS_WORK_SUCCESS] Execution recorded: TELEMETRY_SYNC
[2026-04-12T12:59:27.344683Z] [AUTONOMOUS_WORK_SUCCESS] Execution recorded: CRM_LEAD_INGESTION
[2026-04-12T13:04:27.355913Z] [AUTONOMOUS_WORK_SUCCESS] Execution recorded: API_QUOTA_REVIEW
[2026-04-12T13:09:27.364246Z] [AUTONOMOUS_WORK_SUCCESS] Execution recorded: TELEMETRY_SYNC
[2026-04-12T13:14:27.374113Z] [AUTONOMOUS_WORK_SUCCESS] Execution recorded: DATABASE_OPTIMIZATION
[2026-04-12T13:19:27.384644Z] [AUTONOMOUS_WORK_SUCCESS] Execution recorded: CRM_LEAD_INGESTION
[2026-04-12T13:24:27.397087Z] [AUTONOMOUS_WORK_SUCCESS] Execution recorded: TELEMETRY_SYNC
[2026-04-12T13:29:27.399797Z] [AUTONOMOUS_WORK_SUCCESS] Execution recorded: DATABASE_OPTIMIZATION
[2026-04-12T13:34:27.411712Z] [AUTONOMOUS_WORK_SUCCESS] Execution recorded: CRM_LEAD_INGESTION
[2026-04-12T13:39:27.418743Z] [AUTONOMOUS_WORK_SUCCESS] Execution recorded: SECURITY_AUDIT
[2026-04-12T13:44:27.426454Z] [AUTONOMOUS_WORK_SUCCESS] Execution recorded: CRM_LEAD_INGESTION
[2026-04-12T13:49:27.439243Z] [AUTONOMOUS_WORK_SUCCESS] Execution recorded: SECURITY_AUDIT
[2026-04-12T13:54:27.450305Z] [AUTONOMOUS_WORK_SUCCESS] Execution recorded: SECURITY_AUDIT
[2026-04-12T13:59:27.458821Z] [AUTONOMOUS_WORK_SUCCESS] Execution recorded: SECURITY_AUDIT
[2026-04-12T14:04:27.463059Z] [AUTONOMOUS_WORK_SUCCESS] Execution recorded: API_QUOTA_REVIEW
[2026-04-12T14:09:27.470288Z] [AUTONOMOUS_WORK_SUCCESS] Execution recorded: SECURITY_AUDIT
[2026-04-12T14:14:27.473939Z] [AUTONOMOUS_WORK_SUCCESS] Execution recorded: TELEMETRY_SYNC
